<?xml version="1.0" encoding="UTF-8"?>
<!-- Generated by org.testng.reporters.JUnitReportReporter -->
<testsuite hostname="Balamurugan" failures="0" tests="1" name="test.FirstPageTest" time="24.943" errors="0" timestamp="2020-04-16T17:05:51 IST" skipped="0">
  <testcase classname="test.FirstPageTest" name="test1" time="24.943"/>
  <system-out/>
</testsuite> <!-- test.FirstPageTest -->
