<?xml version="1.0" encoding="UTF-8"?>
<!-- Generated by org.testng.reporters.JUnitReportReporter -->
<testsuite hostname="Balamurugan" failures="0" tests="1" name="test.SecondPageTest" time="20.004" errors="0" timestamp="2020-04-16T17:05:51 IST" skipped="0">
  <testcase classname="test.SecondPageTest" name="test2" time="20.004"/>
  <system-out/>
</testsuite> <!-- test.SecondPageTest -->
